mymediaplayer/build/intermediates/manifest_merge_blame_file/release/manifest-merger-blame-release-report.txt
1<?xml version="1.0" encoding="utf-8"?>
2<manifest xmlns:android="http://schemas.android.com/apk/res/android"
3    xmlns:tools="http://schemas.android.com/tools"
4    package="com.example.jean.jcplayer"
5    android:versionCode="2" >
6
7    <uses-sdk
8        android:minSdkVersion="17"
8-->src\main\AndroidManifest.xml
9        android:targetSdkVersion="28" />
9-->src\main\AndroidManifest.xml
10
11    <uses-permission android:name="android.permission.INTERNET" />
11-->src\main\AndroidManifest.xml:6:5-67
11-->src\main\AndroidManifest.xml:6:22-64
12
13    <application
13-->src\main\AndroidManifest.xml:8:5-19:19
14        android:allowBackup="true"
14-->src\main\AndroidManifest.xml:9:9-35
15        android:label="@string/app_name"
15-->src\main\AndroidManifest.xml:10:9-41
16        android:supportsRtl="true"
16-->src\main\AndroidManifest.xml:11:9-35
17        tools:replace="android:label" >
17-->src\main\AndroidManifest.xml:12:9-38
18        <service android:name="com.example.jean.jcplayer.service.JcPlayerService" />
18-->src\main\AndroidManifest.xml:13:9-60
18-->src\main\AndroidManifest.xml:13:18-57
19
20        <receiver
20-->src\main\AndroidManifest.xml:15:9-18:40
21            android:name="com.example.jean.jcplayer.service.notification.JcPlayerNotificationReceiver"
21-->src\main\AndroidManifest.xml:16:13-78
22            android:enabled="true"
22-->src\main\AndroidManifest.xml:17:13-35
23            android:exported="false" />
23-->src\main\AndroidManifest.xml:18:13-37
24    </application>
25
26</manifest>